[2026-04-18 18:16:58,531][__main__][INFO] - Model saved dir: /home/gloria/Bis-JEPA/outputs/2026-04-18/18-16-58
[2026-04-18 18:16:58,604][__main__][INFO] - rank: 0  model_name: 2026-04-18/18-16-58_pusht_f5_h3_p1
[2026-04-18 18:16:58,604][__main__][INFO] - device: cuda   model_name: 2026-04-18/18-16-58_pusht_f5_h3_p1
[2026-04-18 18:16:59,755][__main__][INFO] - Loading dataset from /home/gloria/Bis-JEPA/datasets/data/pusht_noise ...
[2026-04-18 18:16:59,905][__main__][INFO] - dataloader batch size: 40
[2026-04-18 18:16:59,906][__main__][INFO] - Train encoder, predictor, decoder, bisim, train_w_std_loss, train_w_reward_loss:            False,            True,            True,            True,            True,            False
[2026-04-18 18:16:59,913][dinov2][INFO] - using MLP layer as FFN
[2026-04-18 18:17:00,242][__main__][INFO] - Initializing predictor with bisimulation latent dim: 64
[2026-04-18 18:17:00,285][__main__][INFO] - Initialized bisimulation model with latent dim 64
[2026-04-18 18:17:00,285][__main__][INFO] - Bypass encoder mode: False
[2026-04-18 18:17:00,285][__main__][INFO] - Training obs -> dinov2_vits14 -> bisim
[2026-04-18 18:20:57,221][__main__][INFO] - Epoch 1  Training loss: 1.0640  Validation loss: 0.9208
[2026-04-18 18:20:57,221][__main__][INFO] - Train:  Bisim_loss: 0.7037                      z_loss: 0.3603  z_proprio_loss: 0.3340                     Bisim z_dist: 0.9829  Bisim r_dist: 0.0217                      Variance loss: 0.2954  Transition_dist (Covariance): 1.3030                     Covariance loss: 0.2048
[2026-04-18 18:20:57,221][__main__][INFO] - Validation:  Bisim_loss: 0.6271                      z_loss: 0.2937  z_proprio_loss: 0.2775                     Bisim z_dist: 1.0141  Bisim r_dist: 0.0446                      Variance loss: 0.2252  Transition_dist (Covariance): 1.3698                     Covariance loss: 0.1808
[2026-04-18 18:20:57,338][__main__][INFO] - Saved model to /home/gloria/Bis-JEPA/outputs/2026-04-18/18-16-58
[2026-04-18 18:24:55,919][__main__][INFO] - Epoch 2  Training loss: 0.9286  Validation loss: 0.8769
[2026-04-18 18:24:55,920][__main__][INFO] - Train:  Bisim_loss: 0.6325                      z_loss: 0.2961  z_proprio_loss: 0.1989                     Bisim z_dist: 1.1220  Bisim r_dist: 0.0223                      Variance loss: 0.2677  Transition_dist (Covariance): 1.4018                     Covariance loss: 0.1962
[2026-04-18 18:24:55,920][__main__][INFO] - Validation:  Bisim_loss: 0.5648                      z_loss: 0.3121  z_proprio_loss: 0.2227                     Bisim z_dist: 1.3441  Bisim r_dist: 0.0540                      Variance loss: 0.1979  Transition_dist (Covariance): 1.5751                     Covariance loss: 0.1684
[2026-04-18 18:24:56,076][__main__][INFO] - Saved model to /home/gloria/Bis-JEPA/outputs/2026-04-18/18-16-58
[2026-04-18 18:28:54,585][__main__][INFO] - Epoch 3  Training loss: 0.8916  Validation loss: 0.8707
[2026-04-18 18:28:54,585][__main__][INFO] - Train:  Bisim_loss: 0.5846                      z_loss: 0.3069  z_proprio_loss: 0.1553                     Bisim z_dist: 1.3054  Bisim r_dist: 0.0275                      Variance loss: 0.2460  Transition_dist (Covariance): 1.5302                     Covariance loss: 0.1870
[2026-04-18 18:28:54,585][__main__][INFO] - Validation:  Bisim_loss: 0.5524                      z_loss: 0.3183  z_proprio_loss: 0.1869                     Bisim z_dist: 1.5582  Bisim r_dist: 0.0574                      Variance loss: 0.1830  Transition_dist (Covariance): 1.6998                     Covariance loss: 0.1596
[2026-04-18 18:28:54,733][__main__][INFO] - Saved model to /home/gloria/Bis-JEPA/outputs/2026-04-18/18-16-58
[2026-04-18 18:32:57,948][__main__][INFO] - Epoch 4  Training loss: 0.8654  Validation loss: 0.8785
[2026-04-18 18:32:57,948][__main__][INFO] - Train:  Bisim_loss: 0.5495                      z_loss: 0.3159  z_proprio_loss: 0.1276                     Bisim z_dist: 1.3928  Bisim r_dist: 0.0252                      Variance loss: 0.2342  Transition_dist (Covariance): 1.5857                     Covariance loss: 0.1804
[2026-04-18 18:32:57,948][__main__][INFO] - Validation:  Bisim_loss: 0.5441                      z_loss: 0.3343  z_proprio_loss: 0.1652                     Bisim z_dist: 1.7355  Bisim r_dist: 0.0628                      Variance loss: 0.1682  Transition_dist (Covariance): 1.7837                     Covariance loss: 0.1525
[2026-04-18 18:32:58,108][__main__][INFO] - Saved model to /home/gloria/Bis-JEPA/outputs/2026-04-18/18-16-58
[2026-04-18 18:36:56,320][__main__][INFO] - Epoch 5  Training loss: 0.8444  Validation loss: 0.9255
[2026-04-18 18:36:56,321][__main__][INFO] - Train:  Bisim_loss: 0.5247                      z_loss: 0.3197  z_proprio_loss: 0.1081                     Bisim z_dist: 1.4519  Bisim r_dist: 0.0250                      Variance loss: 0.2236  Transition_dist (Covariance): 1.6250                     Covariance loss: 0.1763
[2026-04-18 18:36:56,321][__main__][INFO] - Validation:  Bisim_loss: 0.5874                      z_loss: 0.3381  z_proprio_loss: 0.1468                     Bisim z_dist: 1.9457  Bisim r_dist: 0.0726                      Variance loss: 0.1567  Transition_dist (Covariance): 1.8909                     Covariance loss: 0.1466
[2026-04-18 18:36:56,473][__main__][INFO] - Saved model to /home/gloria/Bis-JEPA/outputs/2026-04-18/18-16-58
[2026-04-18 18:40:58,222][__main__][INFO] - Epoch 6  Training loss: 0.8260  Validation loss: 0.9060
[2026-04-18 18:40:58,222][__main__][INFO] - Train:  Bisim_loss: 0.5144                      z_loss: 0.3116  z_proprio_loss: 0.0936                     Bisim z_dist: 1.4562  Bisim r_dist: 0.0272                      Variance loss: 0.2180  Transition_dist (Covariance): 1.6273                     Covariance loss: 0.1738
[2026-04-18 18:40:58,222][__main__][INFO] - Validation:  Bisim_loss: 0.5818                      z_loss: 0.3241  z_proprio_loss: 0.1363                     Bisim z_dist: 1.9615  Bisim r_dist: 0.0722                      Variance loss: 0.1559  Transition_dist (Covariance): 1.9029                     Covariance loss: 0.1451
[2026-04-18 18:40:58,377][__main__][INFO] - Saved model to /home/gloria/Bis-JEPA/outputs/2026-04-18/18-16-58
[2026-04-18 18:44:57,562][__main__][INFO] - Epoch 7  Training loss: 0.8027  Validation loss: 0.9037
[2026-04-18 18:44:57,562][__main__][INFO] - Train:  Bisim_loss: 0.5054                      z_loss: 0.2973  z_proprio_loss: 0.0829                     Bisim z_dist: 1.4660  Bisim r_dist: 0.0261                      Variance loss: 0.2137  Transition_dist (Covariance): 1.6344                     Covariance loss: 0.1717
[2026-04-18 18:44:57,562][__main__][INFO] - Validation:  Bisim_loss: 0.5921                      z_loss: 0.3116  z_proprio_loss: 0.1245                     Bisim z_dist: 2.0249  Bisim r_dist: 0.0673                      Variance loss: 0.1501  Transition_dist (Covariance): 1.9293                     Covariance loss: 0.1427
[2026-04-18 18:44:57,716][__main__][INFO] - Saved model to /home/gloria/Bis-JEPA/outputs/2026-04-18/18-16-58
[2026-04-18 18:48:58,275][__main__][INFO] - Epoch 8  Training loss: 0.7777  Validation loss: 0.8803
[2026-04-18 18:48:58,275][__main__][INFO] - Train:  Bisim_loss: 0.4972                      z_loss: 0.2805  z_proprio_loss: 0.0751                     Bisim z_dist: 1.4858  Bisim r_dist: 0.0269                      Variance loss: 0.2088  Transition_dist (Covariance): 1.6467                     Covariance loss: 0.1695
[2026-04-18 18:48:58,276][__main__][INFO] - Validation:  Bisim_loss: 0.5845                      z_loss: 0.2957  z_proprio_loss: 0.1217                     Bisim z_dist: 2.0592  Bisim r_dist: 0.0677                      Variance loss: 0.1482  Transition_dist (Covariance): 1.9579                     Covariance loss: 0.1410
[2026-04-18 18:48:58,441][__main__][INFO] - Saved model to /home/gloria/Bis-JEPA/outputs/2026-04-18/18-16-58
[2026-04-18 18:53:18,794][__main__][INFO] - Epoch 9  Training loss: 0.7483  Validation loss: 0.8695
[2026-04-18 18:53:18,794][__main__][INFO] - Train:  Bisim_loss: 0.4862                      z_loss: 0.2621  z_proprio_loss: 0.0674                     Bisim z_dist: 1.4827  Bisim r_dist: 0.0248                      Variance loss: 0.2051  Transition_dist (Covariance): 1.6458                     Covariance loss: 0.1678
[2026-04-18 18:53:18,803][__main__][INFO] - Validation:  Bisim_loss: 0.5937                      z_loss: 0.2758  z_proprio_loss: 0.1085                     Bisim z_dist: 2.0874  Bisim r_dist: 0.0700                      Variance loss: 0.1437  Transition_dist (Covariance): 1.9670                     Covariance loss: 0.1385
[2026-04-18 18:53:18,955][__main__][INFO] - Saved model to /home/gloria/Bis-JEPA/outputs/2026-04-18/18-16-58
[2026-04-18 18:57:38,229][__main__][INFO] - Epoch 10  Training loss: 0.7216  Validation loss: 0.9176
[2026-04-18 18:57:38,229][__main__][INFO] - Train:  Bisim_loss: 0.4790                      z_loss: 0.2427  z_proprio_loss: 0.0614                     Bisim z_dist: 1.4948  Bisim r_dist: 0.0246                      Variance loss: 0.2018  Transition_dist (Covariance): 1.6521                     Covariance loss: 0.1662
[2026-04-18 18:57:38,229][__main__][INFO] - Validation:  Bisim_loss: 0.6601                      z_loss: 0.2576  z_proprio_loss: 0.1039                     Bisim z_dist: 2.2281  Bisim r_dist: 0.0666                      Variance loss: 0.1399  Transition_dist (Covariance): 2.0357                     Covariance loss: 0.1363
[2026-04-18 18:57:38,383][__main__][INFO] - Saved model to /home/gloria/Bis-JEPA/outputs/2026-04-18/18-16-58
[2026-04-18 19:01:59,055][__main__][INFO] - Epoch 11  Training loss: 0.6915  Validation loss: 0.9226
[2026-04-18 19:01:59,055][__main__][INFO] - Train:  Bisim_loss: 0.4668                      z_loss: 0.2247  z_proprio_loss: 0.0566                     Bisim z_dist: 1.5144  Bisim r_dist: 0.0253                      Variance loss: 0.1969  Transition_dist (Covariance): 1.6652                     Covariance loss: 0.1638
[2026-04-18 19:01:59,055][__main__][INFO] - Validation:  Bisim_loss: 0.6821                      z_loss: 0.2405  z_proprio_loss: 0.0912                     Bisim z_dist: 2.2598  Bisim r_dist: 0.0646                      Variance loss: 0.1373  Transition_dist (Covariance): 2.0474                     Covariance loss: 0.1351
[2026-04-18 19:01:59,213][__main__][INFO] - Saved model to /home/gloria/Bis-JEPA/outputs/2026-04-18/18-16-58
[2026-04-18 19:05:58,786][__main__][INFO] - Epoch 12  Training loss: 0.6691  Validation loss: 0.9064
[2026-04-18 19:05:58,786][__main__][INFO] - Train:  Bisim_loss: 0.4634                      z_loss: 0.2057  z_proprio_loss: 0.0521                     Bisim z_dist: 1.5177  Bisim r_dist: 0.0243                      Variance loss: 0.1945  Transition_dist (Covariance): 1.6679                     Covariance loss: 0.1626
[2026-04-18 19:05:58,787][__main__][INFO] - Validation:  Bisim_loss: 0.6827                      z_loss: 0.2237  z_proprio_loss: 0.0929                     Bisim z_dist: 2.2825  Bisim r_dist: 0.0658                      Variance loss: 0.1357  Transition_dist (Covariance): 2.0558                     Covariance loss: 0.1338
[2026-04-18 19:05:58,942][__main__][INFO] - Saved model to /home/gloria/Bis-JEPA/outputs/2026-04-18/18-16-58
[2026-04-18 19:09:58,851][__main__][INFO] - Epoch 13  Training loss: 0.6475  Validation loss: 0.8846
[2026-04-18 19:09:58,851][__main__][INFO] - Train:  Bisim_loss: 0.4586                      z_loss: 0.1889  z_proprio_loss: 0.0485                     Bisim z_dist: 1.5224  Bisim r_dist: 0.0267                      Variance loss: 0.1915  Transition_dist (Covariance): 1.6709                     Covariance loss: 0.1611
[2026-04-18 19:09:58,851][__main__][INFO] - Validation:  Bisim_loss: 0.6777                      z_loss: 0.2069  z_proprio_loss: 0.0861                     Bisim z_dist: 2.2719  Bisim r_dist: 0.0691                      Variance loss: 0.1345  Transition_dist (Covariance): 2.0489                     Covariance loss: 0.1334
[2026-04-18 19:09:59,008][__main__][INFO] - Saved model to /home/gloria/Bis-JEPA/outputs/2026-04-18/18-16-58
[2026-04-18 19:13:48,322][__main__][INFO] - Epoch 14  Training loss: 0.6317  Validation loss: 0.8937
[2026-04-18 19:13:48,322][__main__][INFO] - Train:  Bisim_loss: 0.4539                      z_loss: 0.1778  z_proprio_loss: 0.0454                     Bisim z_dist: 1.5277  Bisim r_dist: 0.0230                      Variance loss: 0.1884  Transition_dist (Covariance): 1.6740                     Covariance loss: 0.1597
[2026-04-18 19:13:48,323][__main__][INFO] - Validation:  Bisim_loss: 0.6967                      z_loss: 0.1970  z_proprio_loss: 0.0812                     Bisim z_dist: 2.3197  Bisim r_dist: 0.0665                      Variance loss: 0.1326  Transition_dist (Covariance): 2.0748                     Covariance loss: 0.1319
[2026-04-18 19:13:48,479][__main__][INFO] - Saved model to /home/gloria/Bis-JEPA/outputs/2026-04-18/18-16-58
[2026-04-18 19:17:35,297][__main__][INFO] - Epoch 15  Training loss: 0.6100  Validation loss: 0.9293
[2026-04-18 19:17:35,298][__main__][INFO] - Train:  Bisim_loss: 0.4422                      z_loss: 0.1678  z_proprio_loss: 0.0429                     Bisim z_dist: 1.5261  Bisim r_dist: 0.0222                      Variance loss: 0.1843  Transition_dist (Covariance): 1.6724                     Covariance loss: 0.1578
[2026-04-18 19:17:35,298][__main__][INFO] - Validation:  Bisim_loss: 0.7389                      z_loss: 0.1905  z_proprio_loss: 0.0715                     Bisim z_dist: 2.3858  Bisim r_dist: 0.0587                      Variance loss: 0.1285  Transition_dist (Covariance): 2.0963                     Covariance loss: 0.1302
[2026-04-18 19:17:35,454][__main__][INFO] - Saved model to /home/gloria/Bis-JEPA/outputs/2026-04-18/18-16-58
[2026-04-18 19:21:23,431][__main__][INFO] - Epoch 16  Training loss: 0.5994  Validation loss: 0.8994
[2026-04-18 19:21:23,431][__main__][INFO] - Train:  Bisim_loss: 0.4391                      z_loss: 0.1603  z_proprio_loss: 0.0407                     Bisim z_dist: 1.5440  Bisim r_dist: 0.0222                      Variance loss: 0.1794  Transition_dist (Covariance): 1.6847                     Covariance loss: 0.1556
[2026-04-18 19:21:23,431][__main__][INFO] - Validation:  Bisim_loss: 0.7142                      z_loss: 0.1852  z_proprio_loss: 0.0702                     Bisim z_dist: 2.3556  Bisim r_dist: 0.0668                      Variance loss: 0.1268  Transition_dist (Covariance): 2.0886                     Covariance loss: 0.1295
[2026-04-18 19:21:23,590][__main__][INFO] - Saved model to /home/gloria/Bis-JEPA/outputs/2026-04-18/18-16-58
[2026-04-18 19:25:10,038][__main__][INFO] - Epoch 17  Training loss: 0.5869  Validation loss: 0.9450
[2026-04-18 19:25:10,038][__main__][INFO] - Train:  Bisim_loss: 0.4323                      z_loss: 0.1546  z_proprio_loss: 0.0388                     Bisim z_dist: 1.5676  Bisim r_dist: 0.0223                      Variance loss: 0.1751  Transition_dist (Covariance): 1.6995                     Covariance loss: 0.1538
[2026-04-18 19:25:10,038][__main__][INFO] - Validation:  Bisim_loss: 0.7610                      z_loss: 0.1840  z_proprio_loss: 0.0697                     Bisim z_dist: 2.4221  Bisim r_dist: 0.0642                      Variance loss: 0.1221  Transition_dist (Covariance): 2.1192                     Covariance loss: 0.1273
[2026-04-18 19:25:10,196][__main__][INFO] - Saved model to /home/gloria/Bis-JEPA/outputs/2026-04-18/18-16-58
[2026-04-18 19:29:01,163][__main__][INFO] - Epoch 18  Training loss: 0.5722  Validation loss: 0.9526
[2026-04-18 19:29:01,163][__main__][INFO] - Train:  Bisim_loss: 0.4226                      z_loss: 0.1497  z_proprio_loss: 0.0370                     Bisim z_dist: 1.5521  Bisim r_dist: 0.0218                      Variance loss: 0.1713  Transition_dist (Covariance): 1.6901                     Covariance loss: 0.1520
[2026-04-18 19:29:01,164][__main__][INFO] - Validation:  Bisim_loss: 0.7730                      z_loss: 0.1795  z_proprio_loss: 0.0673                     Bisim z_dist: 2.4392  Bisim r_dist: 0.0605                      Variance loss: 0.1207  Transition_dist (Covariance): 2.1263                     Covariance loss: 0.1263
[2026-04-18 19:29:01,316][__main__][INFO] - Saved model to /home/gloria/Bis-JEPA/outputs/2026-04-18/18-16-58
